TN:
SF:src\controllers\dishController.js
FN:4,(anonymous_0)
FN:14,(anonymous_1)
FN:24,(anonymous_2)
FN:36,(anonymous_3)
FN:49,(anonymous_4)
FNF:5
FNH:4
FNDA:2,(anonymous_0)
FNDA:1,(anonymous_1)
FNDA:0,(anonymous_2)
FNDA:2,(anonymous_3)
FNDA:2,(anonymous_4)
DA:1,1
DA:4,1
DA:5,2
DA:6,2
DA:7,1
DA:9,1
DA:14,1
DA:15,1
DA:16,1
DA:17,1
DA:19,0
DA:24,1
DA:25,0
DA:26,0
DA:27,0
DA:28,0
DA:30,0
DA:36,1
DA:37,2
DA:38,2
DA:41,2
DA:42,1
DA:44,0
DA:49,1
DA:50,2
DA:51,2
DA:52,2
DA:53,1
DA:55,0
DA:60,1
LF:30
LH:22
BRDA:27,0,0,0
BRDA:27,0,1,0
BRDA:41,1,0,1
BRDA:41,1,1,1
BRDA:52,2,0,1
BRDA:52,2,1,1
BRF:6
BRH:4
end_of_record
TN:
SF:src\middleware\authMiddleware.js
FN:5,(anonymous_0)
FN:31,(anonymous_1)
FN:32,(anonymous_2)
FNF:3
FNH:1
FNDA:3,(anonymous_0)
FNDA:0,(anonymous_1)
FNDA:0,(anonymous_2)
DA:1,1
DA:2,1
DA:5,1
DA:9,3
DA:10,2
DA:12,2
DA:15,2
DA:18,1
DA:19,1
DA:21,1
DA:25,3
DA:26,1
DA:31,1
DA:32,0
DA:34,0
DA:35,0
DA:39,0
LF:17
LH:13
BRDA:9,0,0,2
BRDA:9,0,1,1
BRDA:9,1,0,3
BRDA:9,1,1,2
BRDA:25,2,0,1
BRDA:25,2,1,2
BRDA:34,3,0,0
BRDA:34,3,1,0
BRF:8
BRH:6
end_of_record
TN:
SF:src\models\dishModel.js
FNF:0
FNH:0
DA:1,1
DA:3,1
DA:39,1
LF:3
LH:3
BRF:0
BRH:0
end_of_record
TN:
SF:src\models\userModel.js
FN:27,(anonymous_0)
FN:37,(anonymous_1)
FNF:2
FNH:0
FNDA:0,(anonymous_0)
FNDA:0,(anonymous_1)
DA:1,1
DA:2,1
DA:4,1
DA:27,1
DA:29,0
DA:32,0
DA:33,0
DA:37,1
DA:38,0
DA:41,1
LF:10
LH:6
BRDA:29,0,0,0
BRDA:29,0,1,0
BRF:2
BRH:0
end_of_record
